mode: set
bank-api/cmd/api/main.go:21.13,24.43 1 0
bank-api/cmd/api/main.go:24.43,26.6 1 0
bank-api/cmd/api/main.go:29.2,30.16 2 0
bank-api/cmd/api/main.go:30.16,32.3 1 0
bank-api/cmd/api/main.go:35.2,78.44 34 0
bank-api/config/db.go:11.35,18.76 6 1
bank-api/config/db.go:18.76,20.3 1 1
bank-api/config/db.go:22.5,26.37 2 0
bank-api/middleware/middleware.go:19.71,20.46 1 1
bank-api/middleware/middleware.go:20.46,21.72 1 1
bank-api/middleware/middleware.go:21.72,23.24 2 1
bank-api/middleware/middleware.go:23.24,26.5 2 1
bank-api/middleware/middleware.go:28.4,29.82 2 1
bank-api/middleware/middleware.go:29.82,31.5 1 1
bank-api/middleware/middleware.go:32.4,32.34 1 1
bank-api/middleware/middleware.go:32.34,35.5 2 1
bank-api/middleware/middleware.go:38.4,39.35 2 1
bank-api/middleware/middleware.go:39.35,42.5 2 0
bank-api/middleware/middleware.go:45.4,46.11 2 1
bank-api/middleware/middleware.go:46.11,49.5 2 0
bank-api/middleware/middleware.go:50.4,51.41 2 1
bank-api/middleware/middleware.go:58.79,59.46 1 0
bank-api/middleware/middleware.go:59.46,60.72 1 0
bank-api/middleware/middleware.go:60.72,70.4 4 0
bank-api/middleware/middleware.go:76.80,77.46 1 0
bank-api/middleware/middleware.go:77.46,78.72 1 0
bank-api/middleware/middleware.go:78.72,79.17 1 0
bank-api/middleware/middleware.go:79.17,80.37 1 0
bank-api/middleware/middleware.go:80.37,83.6 2 0
bank-api/middleware/middleware.go:85.4,85.24 1 0
bank-api/models/registration_input.go:15.50,18.2 2 0
bank-api/repositories/account_repository.go:24.57,26.2 1 0
bank-api/repositories/account_repository.go:28.61,35.2 2 0
bank-api/repositories/account_repository.go:37.70,49.16 3 0
bank-api/repositories/account_repository.go:49.16,51.3 1 0
bank-api/repositories/account_repository.go:52.2,52.17 1 0
bank-api/repositories/account_repository.go:55.79,61.2 2 0
bank-api/repositories/account_repository.go:63.101,65.16 2 0
bank-api/repositories/account_repository.go:65.16,67.3 1 0
bank-api/repositories/account_repository.go:68.2,73.16 2 0
bank-api/repositories/account_repository.go:73.16,75.3 1 0
bank-api/repositories/account_repository.go:77.2,80.16 1 0
bank-api/repositories/account_repository.go:80.16,82.3 1 0
bank-api/repositories/account_repository.go:84.2,84.36 1 0
bank-api/repositories/account_repository.go:84.36,86.3 1 0
bank-api/repositories/account_repository.go:87.2,87.12 1 0
bank-api/repositories/card_repository.go:20.51,22.2 1 0
bank-api/repositories/card_repository.go:25.58,32.16 3 0
bank-api/repositories/card_repository.go:32.16,34.3 1 0
bank-api/repositories/card_repository.go:35.2,35.12 1 0
bank-api/repositories/card_repository.go:39.64,46.146 4 0
bank-api/repositories/card_repository.go:46.146,47.27 1 0
bank-api/repositories/card_repository.go:47.27,49.4 1 0
bank-api/repositories/card_repository.go:50.3,50.57 1 0
bank-api/repositories/card_repository.go:52.2,52.19 1 0
bank-api/repositories/credit_repository.go:21.55,23.2 1 0
bank-api/repositories/credit_repository.go:25.59,32.2 2 0
bank-api/repositories/credit_repository.go:34.68,40.113 3 0
bank-api/repositories/credit_repository.go:40.113,42.3 1 0
bank-api/repositories/credit_repository.go:43.2,43.16 1 0
bank-api/repositories/credit_repository.go:46.80,51.16 2 0
bank-api/repositories/credit_repository.go:51.16,53.3 1 0
bank-api/repositories/credit_repository.go:54.2,54.46 1 0
bank-api/repositories/credit_repository.go:54.46,56.3 1 0
bank-api/repositories/credit_repository.go:57.2,57.12 1 0
bank-api/repositories/payment_schedule_repository.go:22.73,24.2 1 0
bank-api/repositories/payment_schedule_repository.go:26.78,33.2 2 0
bank-api/repositories/payment_schedule_repository.go:35.86,43.16 3 0
bank-api/repositories/payment_schedule_repository.go:43.16,45.3 1 0
bank-api/repositories/payment_schedule_repository.go:46.2,46.16 1 0
bank-api/repositories/payment_schedule_repository.go:49.107,56.16 2 0
bank-api/repositories/payment_schedule_repository.go:56.16,58.3 1 0
bank-api/repositories/payment_schedule_repository.go:59.2,62.18 3 0
bank-api/repositories/payment_schedule_repository.go:62.18,64.109 2 0
bank-api/repositories/payment_schedule_repository.go:64.109,66.4 1 0
bank-api/repositories/payment_schedule_repository.go:67.3,67.26 1 0
bank-api/repositories/payment_schedule_repository.go:69.2,69.18 1 0
bank-api/repositories/payment_schedule_repository.go:72.78,78.2 2 0
bank-api/repositories/transaction_repository.go:20.65,22.2 1 0
bank-api/repositories/transaction_repository.go:25.79,32.16 3 0
bank-api/repositories/transaction_repository.go:32.16,34.3 1 0
bank-api/repositories/transaction_repository.go:35.2,35.12 1 0
bank-api/repositories/transaction_repository.go:39.93,45.16 3 0
bank-api/repositories/transaction_repository.go:45.16,47.3 1 0
bank-api/repositories/transaction_repository.go:48.2,51.18 3 0
bank-api/repositories/transaction_repository.go:51.18,53.90 2 0
bank-api/repositories/transaction_repository.go:53.90,55.4 1 0
bank-api/repositories/transaction_repository.go:56.3,56.41 1 0
bank-api/repositories/transaction_repository.go:58.2,58.26 1 0
bank-api/repositories/user_repository.go:23.51,25.2 1 1
bank-api/repositories/user_repository.go:28.58,35.16 3 1
bank-api/repositories/user_repository.go:35.16,37.3 1 0
bank-api/repositories/user_repository.go:38.2,38.12 1 1
bank-api/repositories/user_repository.go:42.73,49.109 4 1
bank-api/repositories/user_repository.go:49.109,50.27 1 0
bank-api/repositories/user_repository.go:50.27,52.4 1 0
bank-api/repositories/user_repository.go:53.3,53.57 1 0
bank-api/repositories/user_repository.go:55.2,55.19 1 1
bank-api/repositories/user_repository.go:59.64,66.109 4 1
bank-api/repositories/user_repository.go:66.109,67.27 1 0
bank-api/repositories/user_repository.go:67.27,69.4 1 0
bank-api/repositories/user_repository.go:70.3,70.57 1 0
bank-api/repositories/user_repository.go:72.2,72.19 1 1
bank-api/scheduler/payment_scheduler.go:19.114,25.2 1 1
bank-api/scheduler/payment_scheduler.go:28.37,30.62 1 1
bank-api/scheduler/payment_scheduler.go:30.62,32.67 2 0
bank-api/scheduler/payment_scheduler.go:32.67,34.4 1 0
bank-api/scheduler/payment_scheduler.go:36.2,36.16 1 1
bank-api/scheduler/payment_scheduler.go:36.16,38.3 1 0
bank-api/scheduler/payment_scheduler.go:39.2,40.43 2 1
bank-api/handlers/account_handler.go:19.80,21.2 1 0
bank-api/handlers/account_handler.go:25.80,27.65 2 0
bank-api/handlers/account_handler.go:27.65,30.3 2 0
bank-api/handlers/account_handler.go:32.2,32.65 1 0
bank-api/handlers/account_handler.go:32.65,35.3 2 0
bank-api/handlers/account_handler.go:37.2,38.36 2 0
bank-api/handlers/account_handler.go:43.74,47.16 3 0
bank-api/handlers/account_handler.go:47.16,50.3 2 0
bank-api/handlers/account_handler.go:52.2,56.65 2 0
bank-api/handlers/account_handler.go:56.65,59.3 2 0
bank-api/handlers/account_handler.go:61.2,61.76 1 0
bank-api/handlers/account_handler.go:61.76,64.3 2 0
bank-api/handlers/account_handler.go:67.2,67.37 1 0
bank-api/handlers/analytics_handler.go:19.74,23.2 1 0
bank-api/handlers/analytics_handler.go:27.81,29.28 2 0
bank-api/handlers/analytics_handler.go:29.28,32.3 2 0
bank-api/handlers/analytics_handler.go:33.2,34.16 2 0
bank-api/handlers/analytics_handler.go:34.16,37.3 2 0
bank-api/handlers/analytics_handler.go:38.2,39.16 2 0
bank-api/handlers/analytics_handler.go:39.16,42.3 2 0
bank-api/handlers/analytics_handler.go:43.2,44.33 2 0
bank-api/handlers/analytics_handler.go:48.83,52.16 4 0
bank-api/handlers/analytics_handler.go:52.16,55.3 2 0
bank-api/handlers/analytics_handler.go:57.2,59.29 3 0
bank-api/handlers/analytics_handler.go:59.29,62.3 2 0
bank-api/handlers/analytics_handler.go:64.2,65.16 2 0
bank-api/handlers/analytics_handler.go:65.16,68.3 2 0
bank-api/handlers/analytics_handler.go:70.2,72.37 3 0
bank-api/handlers/card_handler.go:19.68,23.2 1 1
bank-api/handlers/card_handler.go:27.74,30.28 2 1
bank-api/handlers/card_handler.go:30.28,33.3 2 0
bank-api/handlers/card_handler.go:34.2,35.16 2 1
bank-api/handlers/card_handler.go:35.16,38.3 2 0
bank-api/handlers/card_handler.go:41.2,44.65 2 1
bank-api/handlers/card_handler.go:44.65,47.3 2 0
bank-api/handlers/card_handler.go:48.2,48.28 1 1
bank-api/handlers/card_handler.go:48.28,51.3 2 0
bank-api/handlers/card_handler.go:54.2,55.16 2 1
bank-api/handlers/card_handler.go:55.16,58.3 2 0
bank-api/handlers/card_handler.go:61.2,62.33 2 1
bank-api/handlers/card_handler.go:67.71,70.28 2 1
bank-api/handlers/card_handler.go:70.28,73.3 2 0
bank-api/handlers/card_handler.go:74.2,75.16 2 1
bank-api/handlers/card_handler.go:75.16,78.3 2 0
bank-api/handlers/card_handler.go:81.2,83.16 3 1
bank-api/handlers/card_handler.go:83.16,86.3 2 0
bank-api/handlers/card_handler.go:89.2,90.16 2 1
bank-api/handlers/card_handler.go:90.16,93.3 2 0
bank-api/handlers/card_handler.go:96.2,96.27 1 1
bank-api/handlers/card_handler.go:96.27,99.3 2 0
bank-api/handlers/card_handler.go:103.2,104.33 2 1
bank-api/handlers/credit_handler.go:17.76,19.2 1 0
bank-api/handlers/credit_handler.go:23.80,25.64 2 0
bank-api/handlers/credit_handler.go:25.64,28.3 2 0
bank-api/handlers/credit_handler.go:30.2,30.64 1 0
bank-api/handlers/credit_handler.go:30.64,33.3 2 0
bank-api/handlers/credit_handler.go:35.2,36.35 2 0
bank-api/handlers/user_handler.go:17.68,19.2 1 1
bank-api/handlers/user_handler.go:23.72,25.63 2 1
bank-api/handlers/user_handler.go:25.63,28.3 2 0
bank-api/handlers/user_handler.go:30.2,31.16 2 1
bank-api/handlers/user_handler.go:31.16,34.3 2 0
bank-api/handlers/user_handler.go:36.2,37.33 2 1
bank-api/handlers/user_handler.go:42.69,48.69 2 1
bank-api/handlers/user_handler.go:48.69,51.3 2 0
bank-api/handlers/user_handler.go:53.2,54.16 2 1
bank-api/handlers/user_handler.go:54.16,57.3 2 0
bank-api/handlers/user_handler.go:59.2,62.4 2 1
bank-api/services/account_service.go:25.88,27.2 1 0
bank-api/services/account_service.go:29.65,31.2 1 0
bank-api/services/account_service.go:33.61,35.2 1 0
bank-api/services/account_service.go:37.62,39.2 1 0
bank-api/services/account_service.go:41.72,44.2 2 0
bank-api/services/analytics_service.go:29.20,34.2 1 0
bank-api/services/analytics_service.go:37.77,47.2 3 0
bank-api/services/analytics_service.go:50.85,52.16 2 0
bank-api/services/analytics_service.go:52.16,54.3 1 0
bank-api/services/analytics_service.go:56.2,56.46 1 0
bank-api/services/card_service.go:23.67,25.2 1 1
bank-api/services/card_service.go:28.79,33.16 4 1
bank-api/services/card_service.go:33.16,35.3 1 0
bank-api/services/card_service.go:38.2,39.16 2 1
bank-api/services/card_service.go:39.16,41.3 1 0
bank-api/services/card_service.go:42.2,43.16 2 1
bank-api/services/card_service.go:43.16,45.3 1 0
bank-api/services/card_service.go:48.2,49.16 2 1
bank-api/services/card_service.go:49.16,51.3 1 0
bank-api/services/card_service.go:53.2,64.48 2 1
bank-api/services/card_service.go:64.48,66.3 1 0
bank-api/services/card_service.go:67.2,67.18 1 1
bank-api/services/card_service.go:71.65,73.16 2 0
bank-api/services/card_service.go:73.16,75.3 1 0
bank-api/services/card_service.go:77.2,78.16 2 0
bank-api/services/card_service.go:78.16,80.3 1 0
bank-api/services/card_service.go:81.2,82.16 2 0
bank-api/services/card_service.go:82.16,84.3 1 0
bank-api/services/card_service.go:86.2,88.18 3 0
bank-api/services/cbr_service.go:16.32,28.2 3 0
bank-api/services/cbr_service.go:31.58,34.16 3 0
bank-api/services/cbr_service.go:34.16,36.3 1 0
bank-api/services/cbr_service.go:37.2,41.16 4 0
bank-api/services/cbr_service.go:41.16,43.3 1 0
bank-api/services/cbr_service.go:44.2,47.16 3 0
bank-api/services/cbr_service.go:47.16,49.3 1 0
bank-api/services/cbr_service.go:50.2,50.18 1 0
bank-api/services/cbr_service.go:54.57,56.51 2 0
bank-api/services/cbr_service.go:56.51,58.3 1 0
bank-api/services/cbr_service.go:60.2,61.26 2 0
bank-api/services/cbr_service.go:61.26,63.3 1 0
bank-api/services/cbr_service.go:64.2,66.24 3 0
bank-api/services/cbr_service.go:66.24,68.3 1 0
bank-api/services/cbr_service.go:69.2,71.60 3 0
bank-api/services/cbr_service.go:71.60,73.3 1 0
bank-api/services/cbr_service.go:74.2,74.18 1 0
bank-api/services/cbr_service.go:78.44,81.16 3 0
bank-api/services/cbr_service.go:81.16,83.3 1 0
bank-api/services/cbr_service.go:84.2,85.16 2 0
bank-api/services/cbr_service.go:85.16,87.3 1 0
bank-api/services/cbr_service.go:89.2,90.18 2 0
bank-api/services/credit_service.go:29.17,34.2 1 0
bank-api/services/credit_service.go:36.69,38.52 2 0
bank-api/services/credit_service.go:38.52,40.3 1 0
bank-api/services/credit_service.go:41.2,45.31 4 0
bank-api/services/credit_service.go:45.31,53.64 2 0
bank-api/services/credit_service.go:53.64,55.4 1 0
bank-api/services/credit_service.go:57.2,57.12 1 0
bank-api/services/credit_service.go:60.71,62.2 1 0
bank-api/services/credit_service.go:64.56,67.16 3 0
bank-api/services/credit_service.go:67.16,69.3 1 0
bank-api/services/credit_service.go:71.2,71.28 1 0
bank-api/services/credit_service.go:71.28,73.17 2 0
bank-api/services/credit_service.go:73.17,75.12 2 0
bank-api/services/credit_service.go:78.3,81.73 3 0
bank-api/services/credit_service.go:81.73,83.12 2 0
bank-api/services/credit_service.go:86.3,89.37 1 0
bank-api/services/credit_service.go:92.2,92.12 1 0
bank-api/services/smtp_service.go:20.60,27.2 6 0
bank-api/services/smtp_service.go:30.34,37.2 3 0
bank-api/services/smtp_service.go:40.63,50.48 4 0
bank-api/services/smtp_service.go:50.48,53.3 2 0
bank-api/services/smtp_service.go:54.2,55.12 2 0
bank-api/services/user_service.go:27.89,32.2 1 1
bank-api/services/user_service.go:35.86,37.41 1 1
bank-api/services/user_service.go:37.41,39.3 1 0
bank-api/services/user_service.go:42.2,43.16 2 1
bank-api/services/user_service.go:43.16,45.3 1 0
bank-api/services/user_service.go:48.2,56.48 2 1
bank-api/services/user_service.go:56.48,58.3 1 0
bank-api/services/user_service.go:60.2,60.18 1 1
bank-api/services/user_service.go:64.76,66.16 2 1
bank-api/services/user_service.go:66.16,68.3 1 0
bank-api/services/user_service.go:70.2,70.59 1 1
bank-api/services/user_service.go:70.59,72.3 1 1
bank-api/services/user_service.go:75.2,76.16 2 1
bank-api/services/user_service.go:76.16,78.3 1 0
bank-api/services/user_service.go:80.2,80.19 1 1
bank-api/services/user_service.go:84.68,93.16 4 1
bank-api/services/user_service.go:93.16,95.3 1 0
bank-api/services/user_service.go:97.2,97.25 1 1
bank-api/utils/card_utils.go:19.34,22.26 2 1
bank-api/utils/card_utils.go:22.26,25.3 2 1
bank-api/utils/card_utils.go:27.2,28.42 2 1
bank-api/utils/card_utils.go:31.47,35.40 3 1
bank-api/utils/card_utils.go:35.40,37.13 2 1
bank-api/utils/card_utils.go:37.13,39.17 2 1
bank-api/utils/card_utils.go:39.17,41.5 1 1
bank-api/utils/card_utils.go:43.3,44.19 2 1
bank-api/utils/card_utils.go:46.2,46.31 1 1
bank-api/utils/card_utils.go:51.53,54.2 2 1
bank-api/utils/card_utils.go:57.36,59.16 2 1
bank-api/utils/card_utils.go:59.16,61.3 1 0
bank-api/utils/card_utils.go:62.2,62.48 1 1
bank-api/utils/card_utils.go:66.52,68.16 2 1
bank-api/utils/card_utils.go:68.16,70.3 1 0
bank-api/utils/card_utils.go:71.2,72.16 2 1
bank-api/utils/card_utils.go:72.16,74.3 1 0
bank-api/utils/card_utils.go:75.2,76.44 2 1
bank-api/utils/card_utils.go:76.44,78.3 1 0
bank-api/utils/card_utils.go:79.2,80.44 2 1
bank-api/utils/card_utils.go:84.55,86.16 2 1
bank-api/utils/card_utils.go:86.16,88.3 1 0
bank-api/utils/card_utils.go:89.2,90.16 2 1
bank-api/utils/card_utils.go:90.16,92.3 1 0
bank-api/utils/card_utils.go:93.2,94.16 2 1
bank-api/utils/card_utils.go:94.16,96.3 1 0
bank-api/utils/card_utils.go:97.2,98.33 2 1
bank-api/utils/card_utils.go:98.33,100.3 1 0
bank-api/utils/card_utils.go:101.2,103.16 3 1
bank-api/utils/card_utils.go:103.16,105.3 1 0
bank-api/utils/card_utils.go:106.2,106.31 1 1
bank-api/utils/card_utils.go:110.42,112.16 2 1
bank-api/utils/card_utils.go:112.16,114.3 1 0
bank-api/utils/card_utils.go:115.2,115.26 1 1
bank-api/utils/helpers.go:11.52,14.2 2 0
bank-api/utils/helpers.go:17.52,20.2 2 0
bank-api/utils/helpers.go:23.53,27.2 3 1
bank-api/utils/pgp_utils.go:17.13,20.16 3 1
bank-api/utils/pgp_utils.go:20.16,21.13 1 0
bank-api/utils/pgp_utils.go:25.68,34.2 7 1
bank-api/utils/pgp_utils.go:36.59,37.47 1 1
bank-api/utils/pgp_utils.go:37.47,39.3 1 0
bank-api/utils/pgp_utils.go:40.2,42.16 3 1
bank-api/utils/pgp_utils.go:42.16,44.3 1 0
bank-api/utils/pgp_utils.go:45.2,46.27 2 1
